<?xml version="1.0" encoding="UTF-8"?>
<testng-results skipped="0" failed="0" total="1" passed="1">
  <reporter-output>
  </reporter-output>
  <suite name="Default suite" duration-ms="4263" started-at="2020-04-19T03:51:51Z" finished-at="2020-04-19T03:51:56Z">
    <groups>
    </groups>
    <test name="Default test" duration-ms="4263" started-at="2020-04-19T03:51:51Z" finished-at="2020-04-19T03:51:56Z">
      <class name="RestAssuredPractice.BasicChallengingAuth">
        <test-method status="PASS" signature="accessAuthorisedAPI()[pri:0, instance:RestAssuredPractice.BasicChallengingAuth@7dc7cbad]" name="accessAuthorisedAPI" duration-ms="4221" started-at="2020-04-19T09:21:51Z" finished-at="2020-04-19T09:21:56Z">
          <reporter-output>
          </reporter-output>
        </test-method> <!-- accessAuthorisedAPI -->
      </class> <!-- RestAssuredPractice.BasicChallengingAuth -->
    </test> <!-- Default test -->
  </suite> <!-- Default suite -->
</testng-results>
